[04-Jul-2023 06:03:39 Europe/Berlin] PHP Warning:  Undefined array key "fullname" in C:\xampp\htdocs\sawari.com\forms\create.php on line 8
[04-Jul-2023 06:03:39 Europe/Berlin] PHP Warning:  Undefined array key "email" in C:\xampp\htdocs\sawari.com\forms\create.php on line 9
[04-Jul-2023 06:03:39 Europe/Berlin] PHP Warning:  Undefined array key "password" in C:\xampp\htdocs\sawari.com\forms\create.php on line 10
[04-Jul-2023 06:03:39 Europe/Berlin] PHP Warning:  Undefined array key "cpassword" in C:\xampp\htdocs\sawari.com\forms\create.php on line 11
[04-Jul-2023 06:09:25 Europe/Berlin] PHP Warning:  Undefined array key "fullname" in C:\xampp\htdocs\sawari.com\forms\create.php on line 8
[04-Jul-2023 06:09:25 Europe/Berlin] PHP Warning:  Undefined array key "email" in C:\xampp\htdocs\sawari.com\forms\create.php on line 9
[04-Jul-2023 06:09:25 Europe/Berlin] PHP Warning:  Undefined array key "password" in C:\xampp\htdocs\sawari.com\forms\create.php on line 10
[04-Jul-2023 06:09:25 Europe/Berlin] PHP Warning:  Undefined array key "cpassword" in C:\xampp\htdocs\sawari.com\forms\create.php on line 11
[04-Jul-2023 06:09:25 Europe/Berlin] PHP Deprecated:  password_hash(): Passing null to parameter #1 ($password) of type string is deprecated in C:\xampp\htdocs\sawari.com\forms\create.php on line 19
[04-Jul-2023 06:11:25 Europe/Berlin] PHP Warning:  Undefined array key "fullname" in C:\xampp\htdocs\sawari.com\forms\create.php on line 8
[04-Jul-2023 06:11:25 Europe/Berlin] PHP Warning:  Undefined array key "email" in C:\xampp\htdocs\sawari.com\forms\create.php on line 9
[04-Jul-2023 06:11:25 Europe/Berlin] PHP Warning:  Undefined array key "password" in C:\xampp\htdocs\sawari.com\forms\create.php on line 10
[04-Jul-2023 06:11:25 Europe/Berlin] PHP Warning:  Undefined array key "cpassword" in C:\xampp\htdocs\sawari.com\forms\create.php on line 11
[04-Jul-2023 06:11:33 Europe/Berlin] PHP Warning:  Undefined array key "fullname" in C:\xampp\htdocs\sawari.com\forms\create.php on line 8
[04-Jul-2023 06:11:33 Europe/Berlin] PHP Warning:  Undefined array key "email" in C:\xampp\htdocs\sawari.com\forms\create.php on line 9
[04-Jul-2023 06:11:33 Europe/Berlin] PHP Warning:  Undefined array key "password" in C:\xampp\htdocs\sawari.com\forms\create.php on line 10
[04-Jul-2023 06:11:33 Europe/Berlin] PHP Warning:  Undefined array key "cpassword" in C:\xampp\htdocs\sawari.com\forms\create.php on line 11
[04-Jul-2023 06:11:49 Europe/Berlin] PHP Warning:  Undefined array key "fullname" in C:\xampp\htdocs\sawari.com\forms\create.php on line 8
[04-Jul-2023 06:11:49 Europe/Berlin] PHP Warning:  Undefined array key "email" in C:\xampp\htdocs\sawari.com\forms\create.php on line 9
[04-Jul-2023 06:11:49 Europe/Berlin] PHP Warning:  Undefined array key "password" in C:\xampp\htdocs\sawari.com\forms\create.php on line 10
[04-Jul-2023 06:11:49 Europe/Berlin] PHP Warning:  Undefined array key "cpassword" in C:\xampp\htdocs\sawari.com\forms\create.php on line 11
[04-Jul-2023 06:16:40 Europe/Berlin] PHP Warning:  Undefined array key "fullname" in C:\xampp\htdocs\sawari.com\forms\create.php on line 8
[04-Jul-2023 06:16:40 Europe/Berlin] PHP Warning:  Undefined array key "email" in C:\xampp\htdocs\sawari.com\forms\create.php on line 9
[04-Jul-2023 06:16:40 Europe/Berlin] PHP Warning:  Undefined array key "password" in C:\xampp\htdocs\sawari.com\forms\create.php on line 10
[04-Jul-2023 06:16:40 Europe/Berlin] PHP Warning:  Undefined array key "cpassword" in C:\xampp\htdocs\sawari.com\forms\create.php on line 11
[04-Jul-2023 06:17:04 Europe/Berlin] PHP Warning:  Undefined array key "cpassword" in C:\xampp\htdocs\sawari.com\forms\create.php on line 11
[04-Jul-2023 06:41:05 Europe/Berlin] PHP Warning:  Undefined array key "cpassword" in C:\xampp\htdocs\sawari.com\forms\create.php on line 11
[09-Jul-2023 03:45:59 Europe/Berlin] PHP Warning:  Undefined array key "cpassword" in C:\xampp\htdocs\sawari\forms\create.php on line 12
[09-Jul-2023 03:46:19 Europe/Berlin] PHP Warning:  Undefined array key "cpassword" in C:\xampp\htdocs\sawari\forms\create.php on line 12
[09-Jul-2023 03:46:25 Europe/Berlin] PHP Warning:  Undefined array key "cpassword" in C:\xampp\htdocs\sawari\forms\create.php on line 12
[09-Jul-2023 03:46:31 Europe/Berlin] PHP Warning:  Undefined array key "cpassword" in C:\xampp\htdocs\sawari\forms\create.php on line 12
[09-Jul-2023 04:49:18 Europe/Berlin] PHP Warning:  Undefined array key "cpassword" in C:\xampp\htdocs\sawari.com\forms\create.php on line 12
[09-Jul-2023 04:50:31 Europe/Berlin] PHP Warning:  Undefined array key "cpassword" in C:\xampp\htdocs\sawari.com\forms\create.php on line 12
[09-Jul-2023 04:51:36 Europe/Berlin] PHP Warning:  Undefined array key "cpassword" in C:\xampp\htdocs\sawari.com\forms\create.php on line 12
[09-Jul-2023 04:59:27 Europe/Berlin] PHP Warning:  Undefined array key "cpassword" in C:\xampp\htdocs\sawari.com\forms\create.php on line 12
[09-Jul-2023 05:13:21 Europe/Berlin] PHP Warning:  Undefined array key "cpassword" in C:\xampp\htdocs\sawari.com\forms\create.php on line 12
[09-Jul-2023 05:13:29 Europe/Berlin] PHP Warning:  Undefined array key "cpassword" in C:\xampp\htdocs\sawari.com\forms\create.php on line 12
[09-Jul-2023 05:13:58 Europe/Berlin] PHP Warning:  Undefined array key "cpassword" in C:\xampp\htdocs\sawari.com\forms\create.php on line 12
[09-Jul-2023 05:14:04 Europe/Berlin] PHP Warning:  Undefined array key "cpassword" in C:\xampp\htdocs\sawari.com\forms\create.php on line 12
[09-Jul-2023 05:14:04 Europe/Berlin] PHP Warning:  Undefined array key "cpassword" in C:\xampp\htdocs\sawari.com\forms\create.php on line 12
[09-Jul-2023 05:14:04 Europe/Berlin] PHP Warning:  Undefined array key "cpassword" in C:\xampp\htdocs\sawari.com\forms\create.php on line 12
[09-Jul-2023 05:14:05 Europe/Berlin] PHP Warning:  Undefined array key "cpassword" in C:\xampp\htdocs\sawari.com\forms\create.php on line 12
[09-Jul-2023 05:14:05 Europe/Berlin] PHP Warning:  Undefined array key "cpassword" in C:\xampp\htdocs\sawari.com\forms\create.php on line 12
[09-Jul-2023 05:14:05 Europe/Berlin] PHP Warning:  Undefined array key "cpassword" in C:\xampp\htdocs\sawari.com\forms\create.php on line 12
[09-Jul-2023 05:14:06 Europe/Berlin] PHP Warning:  Undefined array key "cpassword" in C:\xampp\htdocs\sawari.com\forms\create.php on line 12
[09-Jul-2023 05:16:34 Europe/Berlin] PHP Warning:  Undefined array key "cpassword" in C:\xampp\htdocs\sawari.com\forms\create.php on line 12
[09-Jul-2023 05:17:08 Europe/Berlin] PHP Warning:  Undefined array key "cpassword" in C:\xampp\htdocs\sawari.com\forms\create.php on line 12
[09-Jul-2023 05:17:16 Europe/Berlin] PHP Warning:  Undefined array key "cpassword" in C:\xampp\htdocs\sawari.com\forms\create.php on line 12
[09-Jul-2023 05:19:01 Europe/Berlin] PHP Warning:  Undefined array key "cpassword" in C:\xampp\htdocs\sawari.com\forms\create.php on line 12
[09-Jul-2023 05:19:03 Europe/Berlin] PHP Warning:  Undefined array key "cpassword" in C:\xampp\htdocs\sawari.com\forms\create.php on line 12
[09-Jul-2023 05:19:03 Europe/Berlin] PHP Warning:  Undefined array key "cpassword" in C:\xampp\htdocs\sawari.com\forms\create.php on line 12
[09-Jul-2023 05:19:03 Europe/Berlin] PHP Warning:  Undefined array key "cpassword" in C:\xampp\htdocs\sawari.com\forms\create.php on line 12
[09-Jul-2023 05:19:03 Europe/Berlin] PHP Warning:  Undefined array key "cpassword" in C:\xampp\htdocs\sawari.com\forms\create.php on line 12
[09-Jul-2023 05:19:03 Europe/Berlin] PHP Warning:  Undefined array key "cpassword" in C:\xampp\htdocs\sawari.com\forms\create.php on line 12
[09-Jul-2023 05:19:05 Europe/Berlin] PHP Warning:  Undefined array key "cpassword" in C:\xampp\htdocs\sawari.com\forms\create.php on line 12
[09-Jul-2023 05:19:05 Europe/Berlin] PHP Warning:  Undefined array key "cpassword" in C:\xampp\htdocs\sawari.com\forms\create.php on line 12
[09-Jul-2023 05:19:06 Europe/Berlin] PHP Warning:  Undefined array key "cpassword" in C:\xampp\htdocs\sawari.com\forms\create.php on line 12
[09-Jul-2023 05:19:06 Europe/Berlin] PHP Warning:  Undefined array key "cpassword" in C:\xampp\htdocs\sawari.com\forms\create.php on line 12
[09-Jul-2023 05:19:15 Europe/Berlin] PHP Warning:  Undefined array key "cpassword" in C:\xampp\htdocs\sawari.com\forms\create.php on line 12
[09-Jul-2023 05:19:20 Europe/Berlin] PHP Warning:  Undefined array key "cpassword" in C:\xampp\htdocs\sawari.com\forms\create.php on line 12
[09-Jul-2023 05:19:20 Europe/Berlin] PHP Warning:  Undefined array key "cpassword" in C:\xampp\htdocs\sawari.com\forms\create.php on line 12
[09-Jul-2023 05:19:21 Europe/Berlin] PHP Warning:  Undefined array key "cpassword" in C:\xampp\htdocs\sawari.com\forms\create.php on line 12
[09-Jul-2023 05:19:30 Europe/Berlin] PHP Warning:  Undefined array key "cpassword" in C:\xampp\htdocs\sawari.com\forms\create.php on line 12
[09-Jul-2023 05:19:44 Europe/Berlin] PHP Warning:  Undefined array key "cpassword" in C:\xampp\htdocs\sawari.com\forms\create.php on line 12
[09-Jul-2023 05:19:53 Europe/Berlin] PHP Warning:  Undefined array key "cpassword" in C:\xampp\htdocs\sawari.com\forms\create.php on line 12
[09-Jul-2023 05:21:11 Europe/Berlin] PHP Warning:  Undefined array key "cpassword" in C:\xampp\htdocs\sawari.com\forms\create.php on line 12
[09-Jul-2023 05:21:21 Europe/Berlin] PHP Warning:  Undefined array key "cpassword" in C:\xampp\htdocs\sawari.com\forms\create.php on line 12
[09-Jul-2023 05:21:29 Europe/Berlin] PHP Warning:  Undefined array key "cpassword" in C:\xampp\htdocs\sawari.com\forms\create.php on line 12
[09-Jul-2023 05:21:52 Europe/Berlin] PHP Warning:  Undefined array key "cpassword" in C:\xampp\htdocs\sawari.com\forms\create.php on line 12
[09-Jul-2023 05:21:59 Europe/Berlin] PHP Warning:  Undefined array key "cpassword" in C:\xampp\htdocs\sawari.com\forms\create.php on line 12
[09-Jul-2023 05:22:46 Europe/Berlin] PHP Warning:  Undefined array key "cpassword" in C:\xampp\htdocs\sawari.com\forms\create.php on line 12
[09-Jul-2023 05:23:00 Europe/Berlin] PHP Warning:  Undefined array key "cpassword" in C:\xampp\htdocs\sawari.com\forms\create.php on line 12
[09-Jul-2023 05:23:27 Europe/Berlin] PHP Warning:  Undefined array key "cpassword" in C:\xampp\htdocs\sawari.com\forms\create.php on line 12
[09-Jul-2023 05:33:10 Europe/Berlin] PHP Warning:  Undefined array key "cpassword" in C:\xampp\htdocs\sawari.com\forms\create.php on line 13
